<?xml version="1.0" encoding="UTF-8"?>
<testsuite name="LoadConfigTest" tests="2" skipped="0" failures="0" errors="0" timestamp="2025-03-27T11:13:20" hostname="MARTACOMPUTER" time="0.179">
  <properties/>
  <testcase name="test loadConfig - file valido()" classname="LoadConfigTest" time="0.154"/>
  <testcase name="test loadConfig - file inesistente()" classname="LoadConfigTest" time="0.024"/>
  <system-out><![CDATA[]]></system-out>
  <system-err><![CDATA[]]></system-err>
</testsuite>
