<?xml version="1.0" encoding="UTF-8"?>
<testsuite name="RouteAnalyzerTest" tests="3" skipped="0" failures="0" errors="0" timestamp="2025-03-27T11:13:21" hostname="MARTACOMPUTER" time="0.006">
  <properties/>
  <testcase name="test maxDistanceFromStart()" classname="RouteAnalyzerTest" time="0.001"/>
  <testcase name="test mostFrequentedArea()" classname="RouteAnalyzerTest" time="0.001"/>
  <testcase name="test waypointsOutsideGeofence()" classname="RouteAnalyzerTest" time="0.001"/>
  <system-out><![CDATA[]]></system-out>
  <system-err><![CDATA[]]></system-err>
</testsuite>
